
## ---------------------- ##
## Running config.status. ##
## ---------------------- ##

This file was extended by netdebug config.status 1.0, which was
generated by GNU Autoconf 2.69.  Invocation command line was

  CONFIG_FILES    = 
  CONFIG_HEADERS  = 
  CONFIG_LINKS    = 
  CONFIG_COMMANDS = 
  $ ./config.status 

on volkweis

config.status:874: creating Makefile
config.status:874: creating src/Makefile
config.status:1042: error: could not create src/Makefile

## ---------------------- ##
## Running config.status. ##
## ---------------------- ##

This file was extended by netdebug config.status 1.0, which was
generated by GNU Autoconf 2.69.  Invocation command line was

  CONFIG_FILES    = 
  CONFIG_HEADERS  = 
  CONFIG_LINKS    = 
  CONFIG_COMMANDS = 
  $ ./config.status config.h

on volkweis

config.status:874: creating config.h
