This file contains any messages produced by compilers while
running configure, to aid debugging if configure makes a mistake.

It was created by netdebug configure 1.0, which was
generated by GNU Autoconf 2.69.  Invocation command line was

  $ ./configure 

## --------- ##
## Platform. ##
## --------- ##

hostname = volkweis
uname -m = x86_64
uname -r = 4.7.0
uname -s = Linux
uname -v = #2 SMP Fri Aug 5 00:15:28 BRT 2016

/usr/bin/uname -p = unknown
/bin/uname -X     = unknown

/bin/arch              = unknown
/usr/bin/arch -k       = unknown
/usr/convex/getsysinfo = unknown
/usr/bin/hostinfo      = unknown
/bin/machine           = unknown
/usr/bin/oslevel       = unknown
/bin/universe          = unknown

PATH: /usr/local/sbin
PATH: /usr/local/bin
PATH: /usr/sbin
PATH: /usr/bin
PATH: /sbin
PATH: /bin


## ----------- ##
## Core tests. ##
## ----------- ##

configure:2303: checking for a BSD-compatible install
configure:2371: result: /usr/bin/install -c
configure:2382: checking whether build environment is sane
configure:2437: result: yes
configure:2588: checking for a thread-safe mkdir -p
configure:2627: result: /bin/mkdir -p
configure:2634: checking for gawk
configure:2650: found /usr/bin/gawk
configure:2661: result: gawk
configure:2672: checking whether make sets $(MAKE)
configure:2694: result: yes
configure:2723: checking whether make supports nested variables
configure:2740: result: yes
configure:2931: checking for g++
configure:2947: found /usr/bin/g++
configure:2958: result: g++
configure:2985: checking for C++ compiler version
configure:2994: g++ --version >&5
g++ (Debian 6.1.1-11) 6.1.1 20160802
Copyright (C) 2016 Free Software Foundation, Inc.
This is free software; see the source for copying conditions.  There is NO
warranty; not even for MERCHANTABILITY or FITNESS FOR A PARTICULAR PURPOSE.

configure:3005: $? = 0
configure:2994: g++ -v >&5
Using built-in specs.
COLLECT_GCC=g++
COLLECT_LTO_WRAPPER=/usr/lib/gcc/x86_64-linux-gnu/6/lto-wrapper
Target: x86_64-linux-gnu
Configured with: ../src/configure -v --with-pkgversion='Debian 6.1.1-11' --with-bugurl=file:///usr/share/doc/gcc-6/README.Bugs --enable-languages=c,ada,c++,java,go,d,fortran,objc,obj-c++ --prefix=/usr --program-suffix=-6 --enable-shared --enable-linker-build-id --libexecdir=/usr/lib --without-included-gettext --enable-threads=posix --libdir=/usr/lib --enable-nls --with-sysroot=/ --enable-clocale=gnu --enable-libstdcxx-debug --enable-libstdcxx-time=yes --with-default-libstdcxx-abi=new --enable-gnu-unique-object --disable-vtable-verify --enable-libmpx --enable-plugin --with-system-zlib --disable-browser-plugin --enable-java-awt=gtk --enable-gtk-cairo --with-java-home=/usr/lib/jvm/java-1.5.0-gcj-6-amd64/jre --enable-java-home --with-jvm-root-dir=/usr/lib/jvm/java-1.5.0-gcj-6-amd64 --with-jvm-jar-dir=/usr/lib/jvm-exports/java-1.5.0-gcj-6-amd64 --with-arch-directory=amd64 --with-ecj-jar=/usr/share/java/eclipse-ecj.jar --enable-objc-gc --enable-multiarch --with-arch-32=i686 --with-abi=m64 --with-multilib-list=m32,m64,mx32 --enable-multilib --with-tune=generic --enable-checking=release --build=x86_64-linux-gnu --host=x86_64-linux-gnu --target=x86_64-linux-gnu
Thread model: posix
gcc version 6.1.1 20160802 (Debian 6.1.1-11) 
configure:3005: $? = 0
configure:2994: g++ -V >&5
g++: error: unrecognized command line option '-V'
g++: fatal error: no input files
compilation terminated.
configure:3005: $? = 1
configure:2994: g++ -qversion >&5
g++: error: unrecognized command line option '-qversion'; did you mean '--version'?
g++: fatal error: no input files
compilation terminated.
configure:3005: $? = 1
configure:3025: checking whether the C++ compiler works
configure:3047: g++    conftest.cpp  >&5
configure:3051: $? = 0
configure:3099: result: yes
configure:3102: checking for C++ compiler default output file name
configure:3104: result: a.out
configure:3110: checking for suffix of executables
configure:3117: g++ -o conftest    conftest.cpp  >&5
configure:3121: $? = 0
configure:3143: result: 
configure:3165: checking whether we are cross compiling
configure:3173: g++ -o conftest    conftest.cpp  >&5
configure:3177: $? = 0
configure:3184: ./conftest
configure:3188: $? = 0
configure:3203: result: no
configure:3208: checking for suffix of object files
configure:3230: g++ -c   conftest.cpp >&5
configure:3234: $? = 0
configure:3255: result: o
configure:3259: checking whether we are using the GNU C++ compiler
configure:3278: g++ -c   conftest.cpp >&5
configure:3278: $? = 0
configure:3287: result: yes
configure:3296: checking whether g++ accepts -g
configure:3316: g++ -c -g  conftest.cpp >&5
configure:3316: $? = 0
configure:3357: result: yes
configure:3391: checking for style of include used by make
configure:3419: result: GNU
configure:3445: checking dependency style of g++
configure:3556: result: gcc3
configure:3619: checking for gcc
configure:3635: found /usr/bin/gcc
configure:3646: result: gcc
configure:3875: checking for C compiler version
configure:3884: gcc --version >&5
gcc (Debian 6.1.1-11) 6.1.1 20160802
Copyright (C) 2016 Free Software Foundation, Inc.
This is free software; see the source for copying conditions.  There is NO
warranty; not even for MERCHANTABILITY or FITNESS FOR A PARTICULAR PURPOSE.

configure:3895: $? = 0
configure:3884: gcc -v >&5
Using built-in specs.
COLLECT_GCC=gcc
COLLECT_LTO_WRAPPER=/usr/lib/gcc/x86_64-linux-gnu/6/lto-wrapper
Target: x86_64-linux-gnu
Configured with: ../src/configure -v --with-pkgversion='Debian 6.1.1-11' --with-bugurl=file:///usr/share/doc/gcc-6/README.Bugs --enable-languages=c,ada,c++,java,go,d,fortran,objc,obj-c++ --prefix=/usr --program-suffix=-6 --enable-shared --enable-linker-build-id --libexecdir=/usr/lib --without-included-gettext --enable-threads=posix --libdir=/usr/lib --enable-nls --with-sysroot=/ --enable-clocale=gnu --enable-libstdcxx-debug --enable-libstdcxx-time=yes --with-default-libstdcxx-abi=new --enable-gnu-unique-object --disable-vtable-verify --enable-libmpx --enable-plugin --with-system-zlib --disable-browser-plugin --enable-java-awt=gtk --enable-gtk-cairo --with-java-home=/usr/lib/jvm/java-1.5.0-gcj-6-amd64/jre --enable-java-home --with-jvm-root-dir=/usr/lib/jvm/java-1.5.0-gcj-6-amd64 --with-jvm-jar-dir=/usr/lib/jvm-exports/java-1.5.0-gcj-6-amd64 --with-arch-directory=amd64 --with-ecj-jar=/usr/share/java/eclipse-ecj.jar --enable-objc-gc --enable-multiarch --with-arch-32=i686 --with-abi=m64 --with-multilib-list=m32,m64,mx32 --enable-multilib --with-tune=generic --enable-checking=release --build=x86_64-linux-gnu --host=x86_64-linux-gnu --target=x86_64-linux-gnu
Thread model: posix
gcc version 6.1.1 20160802 (Debian 6.1.1-11) 
configure:3895: $? = 0
configure:3884: gcc -V >&5
gcc: error: unrecognized command line option '-V'
gcc: fatal error: no input files
compilation terminated.
configure:3895: $? = 1
configure:3884: gcc -qversion >&5
gcc: error: unrecognized command line option '-qversion'; did you mean '--version'?
gcc: fatal error: no input files
compilation terminated.
configure:3895: $? = 1
configure:3899: checking whether we are using the GNU C compiler
configure:3918: gcc -c   conftest.c >&5
configure:3918: $? = 0
configure:3927: result: yes
configure:3936: checking whether gcc accepts -g
configure:3956: gcc -c -g  conftest.c >&5
configure:3956: $? = 0
configure:3997: result: yes
configure:4014: checking for gcc option to accept ISO C89
configure:4077: gcc  -c -g -O2  conftest.c >&5
configure:4077: $? = 0
configure:4090: result: none needed
configure:4115: checking whether gcc understands -c and -o together
configure:4137: gcc -c conftest.c -o conftest2.o
configure:4140: $? = 0
configure:4137: gcc -c conftest.c -o conftest2.o
configure:4140: $? = 0
configure:4152: result: yes
configure:4171: checking dependency style of gcc
configure:4282: result: gcc3
configure:4307: checking how to run the C preprocessor
configure:4338: gcc -E  conftest.c
configure:4338: $? = 0
configure:4352: gcc -E  conftest.c
conftest.c:11:28: fatal error: ac_nonexistent.h: No such file or directory
 #include <ac_nonexistent.h>
                            ^
compilation terminated.
configure:4352: $? = 1
configure: failed program was:
| /* confdefs.h */
| #define PACKAGE_NAME "netdebug"
| #define PACKAGE_TARNAME "netdebug"
| #define PACKAGE_VERSION "1.0"
| #define PACKAGE_STRING "netdebug 1.0"
| #define PACKAGE_BUGREPORT "BUG-REPORT-ADDRESS"
| #define PACKAGE_URL ""
| #define PACKAGE "netdebug"
| #define VERSION "1.0"
| /* end confdefs.h.  */
| #include <ac_nonexistent.h>
configure:4377: result: gcc -E
configure:4397: gcc -E  conftest.c
configure:4397: $? = 0
configure:4411: gcc -E  conftest.c
conftest.c:11:28: fatal error: ac_nonexistent.h: No such file or directory
 #include <ac_nonexistent.h>
                            ^
compilation terminated.
configure:4411: $? = 1
configure: failed program was:
| /* confdefs.h */
| #define PACKAGE_NAME "netdebug"
| #define PACKAGE_TARNAME "netdebug"
| #define PACKAGE_VERSION "1.0"
| #define PACKAGE_STRING "netdebug 1.0"
| #define PACKAGE_BUGREPORT "BUG-REPORT-ADDRESS"
| #define PACKAGE_URL ""
| #define PACKAGE "netdebug"
| #define VERSION "1.0"
| /* end confdefs.h.  */
| #include <ac_nonexistent.h>
configure:4440: checking for grep that handles long lines and -e
configure:4498: result: /bin/grep
configure:4503: checking for egrep
configure:4565: result: /bin/grep -E
configure:4570: checking for ANSI C header files
configure:4590: gcc -c -g -O2  conftest.c >&5
configure:4590: $? = 0
configure:4663: gcc -o conftest -g -O2   conftest.c  >&5
configure:4663: $? = 0
configure:4663: ./conftest
configure:4663: $? = 0
configure:4674: result: yes
configure:4687: checking for sys/types.h
configure:4687: gcc -c -g -O2  conftest.c >&5
configure:4687: $? = 0
configure:4687: result: yes
configure:4687: checking for sys/stat.h
configure:4687: gcc -c -g -O2  conftest.c >&5
configure:4687: $? = 0
configure:4687: result: yes
configure:4687: checking for stdlib.h
configure:4687: gcc -c -g -O2  conftest.c >&5
configure:4687: $? = 0
configure:4687: result: yes
configure:4687: checking for string.h
configure:4687: gcc -c -g -O2  conftest.c >&5
configure:4687: $? = 0
configure:4687: result: yes
configure:4687: checking for memory.h
configure:4687: gcc -c -g -O2  conftest.c >&5
configure:4687: $? = 0
configure:4687: result: yes
configure:4687: checking for strings.h
configure:4687: gcc -c -g -O2  conftest.c >&5
configure:4687: $? = 0
configure:4687: result: yes
configure:4687: checking for inttypes.h
configure:4687: gcc -c -g -O2  conftest.c >&5
configure:4687: $? = 0
configure:4687: result: yes
configure:4687: checking for stdint.h
configure:4687: gcc -c -g -O2  conftest.c >&5
configure:4687: $? = 0
configure:4687: result: yes
configure:4687: checking for unistd.h
configure:4687: gcc -c -g -O2  conftest.c >&5
configure:4687: $? = 0
configure:4687: result: yes
configure:4702: checking arpa/inet.h usability
configure:4702: gcc -c -g -O2  conftest.c >&5
configure:4702: $? = 0
configure:4702: result: yes
configure:4702: checking arpa/inet.h presence
configure:4702: gcc -E  conftest.c
configure:4702: $? = 0
configure:4702: result: yes
configure:4702: checking for arpa/inet.h
configure:4702: result: yes
configure:4702: checking fcntl.h usability
configure:4702: gcc -c -g -O2  conftest.c >&5
configure:4702: $? = 0
configure:4702: result: yes
configure:4702: checking fcntl.h presence
configure:4702: gcc -E  conftest.c
configure:4702: $? = 0
configure:4702: result: yes
configure:4702: checking for fcntl.h
configure:4702: result: yes
configure:4702: checking limits.h usability
configure:4702: gcc -c -g -O2  conftest.c >&5
configure:4702: $? = 0
configure:4702: result: yes
configure:4702: checking limits.h presence
configure:4702: gcc -E  conftest.c
configure:4702: $? = 0
configure:4702: result: yes
configure:4702: checking for limits.h
configure:4702: result: yes
configure:4702: checking netdb.h usability
configure:4702: gcc -c -g -O2  conftest.c >&5
configure:4702: $? = 0
configure:4702: result: yes
configure:4702: checking netdb.h presence
configure:4702: gcc -E  conftest.c
configure:4702: $? = 0
configure:4702: result: yes
configure:4702: checking for netdb.h
configure:4702: result: yes
configure:4702: checking netinet/in.h usability
configure:4702: gcc -c -g -O2  conftest.c >&5
configure:4702: $? = 0
configure:4702: result: yes
configure:4702: checking netinet/in.h presence
configure:4702: gcc -E  conftest.c
configure:4702: $? = 0
configure:4702: result: yes
configure:4702: checking for netinet/in.h
configure:4702: result: yes
configure:4702: checking for stdlib.h
configure:4702: result: yes
configure:4702: checking for string.h
configure:4702: result: yes
configure:4702: checking sys/socket.h usability
configure:4702: gcc -c -g -O2  conftest.c >&5
configure:4702: $? = 0
configure:4702: result: yes
configure:4702: checking sys/socket.h presence
configure:4702: gcc -E  conftest.c
configure:4702: $? = 0
configure:4702: result: yes
configure:4702: checking for sys/socket.h
configure:4702: result: yes
configure:4702: checking for unistd.h
configure:4702: result: yes
configure:4714: checking for stdbool.h that conforms to C99
configure:4781: gcc -c -g -O2  conftest.c >&5
configure:4781: $? = 0
configure:4788: result: yes
configure:4790: checking for _Bool
configure:4790: gcc -c -g -O2  conftest.c >&5
configure:4790: $? = 0
configure:4790: gcc -c -g -O2  conftest.c >&5
conftest.c: In function 'main':
conftest.c:66:20: error: expected expression before ')' token
 if (sizeof ((_Bool)))
                    ^
configure:4790: $? = 1
configure: failed program was:
| /* confdefs.h */
| #define PACKAGE_NAME "netdebug"
| #define PACKAGE_TARNAME "netdebug"
| #define PACKAGE_VERSION "1.0"
| #define PACKAGE_STRING "netdebug 1.0"
| #define PACKAGE_BUGREPORT "BUG-REPORT-ADDRESS"
| #define PACKAGE_URL ""
| #define PACKAGE "netdebug"
| #define VERSION "1.0"
| #define STDC_HEADERS 1
| #define HAVE_SYS_TYPES_H 1
| #define HAVE_SYS_STAT_H 1
| #define HAVE_STDLIB_H 1
| #define HAVE_STRING_H 1
| #define HAVE_MEMORY_H 1
| #define HAVE_STRINGS_H 1
| #define HAVE_INTTYPES_H 1
| #define HAVE_STDINT_H 1
| #define HAVE_UNISTD_H 1
| #define HAVE_ARPA_INET_H 1
| #define HAVE_FCNTL_H 1
| #define HAVE_LIMITS_H 1
| #define HAVE_NETDB_H 1
| #define HAVE_NETINET_IN_H 1
| #define HAVE_STDLIB_H 1
| #define HAVE_STRING_H 1
| #define HAVE_SYS_SOCKET_H 1
| #define HAVE_UNISTD_H 1
| /* end confdefs.h.  */
| #include <stdio.h>
| #ifdef HAVE_SYS_TYPES_H
| # include <sys/types.h>
| #endif
| #ifdef HAVE_SYS_STAT_H
| # include <sys/stat.h>
| #endif
| #ifdef STDC_HEADERS
| # include <stdlib.h>
| # include <stddef.h>
| #else
| # ifdef HAVE_STDLIB_H
| #  include <stdlib.h>
| # endif
| #endif
| #ifdef HAVE_STRING_H
| # if !defined STDC_HEADERS && defined HAVE_MEMORY_H
| #  include <memory.h>
| # endif
| # include <string.h>
| #endif
| #ifdef HAVE_STRINGS_H
| # include <strings.h>
| #endif
| #ifdef HAVE_INTTYPES_H
| # include <inttypes.h>
| #endif
| #ifdef HAVE_STDINT_H
| # include <stdint.h>
| #endif
| #ifdef HAVE_UNISTD_H
| # include <unistd.h>
| #endif
| int
| main ()
| {
| if (sizeof ((_Bool)))
| 	    return 0;
|   ;
|   return 0;
| }
configure:4790: result: yes
configure:4801: checking for size_t
configure:4801: gcc -c -g -O2  conftest.c >&5
configure:4801: $? = 0
configure:4801: gcc -c -g -O2  conftest.c >&5
conftest.c: In function 'main':
conftest.c:67:21: error: expected expression before ')' token
 if (sizeof ((size_t)))
                     ^
configure:4801: $? = 1
configure: failed program was:
| /* confdefs.h */
| #define PACKAGE_NAME "netdebug"
| #define PACKAGE_TARNAME "netdebug"
| #define PACKAGE_VERSION "1.0"
| #define PACKAGE_STRING "netdebug 1.0"
| #define PACKAGE_BUGREPORT "BUG-REPORT-ADDRESS"
| #define PACKAGE_URL ""
| #define PACKAGE "netdebug"
| #define VERSION "1.0"
| #define STDC_HEADERS 1
| #define HAVE_SYS_TYPES_H 1
| #define HAVE_SYS_STAT_H 1
| #define HAVE_STDLIB_H 1
| #define HAVE_STRING_H 1
| #define HAVE_MEMORY_H 1
| #define HAVE_STRINGS_H 1
| #define HAVE_INTTYPES_H 1
| #define HAVE_STDINT_H 1
| #define HAVE_UNISTD_H 1
| #define HAVE_ARPA_INET_H 1
| #define HAVE_FCNTL_H 1
| #define HAVE_LIMITS_H 1
| #define HAVE_NETDB_H 1
| #define HAVE_NETINET_IN_H 1
| #define HAVE_STDLIB_H 1
| #define HAVE_STRING_H 1
| #define HAVE_SYS_SOCKET_H 1
| #define HAVE_UNISTD_H 1
| #define HAVE__BOOL 1
| /* end confdefs.h.  */
| #include <stdio.h>
| #ifdef HAVE_SYS_TYPES_H
| # include <sys/types.h>
| #endif
| #ifdef HAVE_SYS_STAT_H
| # include <sys/stat.h>
| #endif
| #ifdef STDC_HEADERS
| # include <stdlib.h>
| # include <stddef.h>
| #else
| # ifdef HAVE_STDLIB_H
| #  include <stdlib.h>
| # endif
| #endif
| #ifdef HAVE_STRING_H
| # if !defined STDC_HEADERS && defined HAVE_MEMORY_H
| #  include <memory.h>
| # endif
| # include <string.h>
| #endif
| #ifdef HAVE_STRINGS_H
| # include <strings.h>
| #endif
| #ifdef HAVE_INTTYPES_H
| # include <inttypes.h>
| #endif
| #ifdef HAVE_STDINT_H
| # include <stdint.h>
| #endif
| #ifdef HAVE_UNISTD_H
| # include <unistd.h>
| #endif
| int
| main ()
| {
| if (sizeof ((size_t)))
| 	    return 0;
|   ;
|   return 0;
| }
configure:4801: result: yes
configure:4817: checking for getcwd
configure:4817: gcc -o conftest -g -O2   conftest.c  >&5
configure:4817: $? = 0
configure:4817: result: yes
configure:4817: checking for memset
configure:4817: gcc -o conftest -g -O2   conftest.c  >&5
conftest.c:55:6: warning: conflicting types for built-in function 'memset'
 char memset ();
      ^~~~~~
configure:4817: $? = 0
configure:4817: result: yes
configure:4817: checking for socket
configure:4817: gcc -o conftest -g -O2   conftest.c  >&5
configure:4817: $? = 0
configure:4817: result: yes
configure:4817: checking for sysinfo
configure:4817: gcc -o conftest -g -O2   conftest.c  >&5
configure:4817: $? = 0
configure:4817: result: yes
configure:4938: checking that generated files are newer than configure
configure:4944: result: done
configure:4971: creating ./config.status

## ---------------------- ##
## Running config.status. ##
## ---------------------- ##

This file was extended by netdebug config.status 1.0, which was
generated by GNU Autoconf 2.69.  Invocation command line was

  CONFIG_FILES    = 
  CONFIG_HEADERS  = 
  CONFIG_LINKS    = 
  CONFIG_COMMANDS = 
  $ ./config.status 

on volkweis

config.status:874: creating Makefile
config.status:874: creating src/Makefile
config.status:874: creating config.h
config.status:1103: executing depfiles commands

## ---------------- ##
## Cache variables. ##
## ---------------- ##

ac_cv_c_compiler_gnu=yes
ac_cv_cxx_compiler_gnu=yes
ac_cv_env_CCC_set=
ac_cv_env_CCC_value=
ac_cv_env_CC_set=
ac_cv_env_CC_value=
ac_cv_env_CFLAGS_set=
ac_cv_env_CFLAGS_value=
ac_cv_env_CPPFLAGS_set=
ac_cv_env_CPPFLAGS_value=
ac_cv_env_CPP_set=
ac_cv_env_CPP_value=
ac_cv_env_CXXFLAGS_set=
ac_cv_env_CXXFLAGS_value=
ac_cv_env_CXX_set=
ac_cv_env_CXX_value=
ac_cv_env_LDFLAGS_set=
ac_cv_env_LDFLAGS_value=
ac_cv_env_LIBS_set=
ac_cv_env_LIBS_value=
ac_cv_env_build_alias_set=
ac_cv_env_build_alias_value=
ac_cv_env_host_alias_set=
ac_cv_env_host_alias_value=
ac_cv_env_target_alias_set=
ac_cv_env_target_alias_value=
ac_cv_func_getcwd=yes
ac_cv_func_memset=yes
ac_cv_func_socket=yes
ac_cv_func_sysinfo=yes
ac_cv_header_arpa_inet_h=yes
ac_cv_header_fcntl_h=yes
ac_cv_header_inttypes_h=yes
ac_cv_header_limits_h=yes
ac_cv_header_memory_h=yes
ac_cv_header_netdb_h=yes
ac_cv_header_netinet_in_h=yes
ac_cv_header_stdbool_h=yes
ac_cv_header_stdc=yes
ac_cv_header_stdint_h=yes
ac_cv_header_stdlib_h=yes
ac_cv_header_string_h=yes
ac_cv_header_strings_h=yes
ac_cv_header_sys_socket_h=yes
ac_cv_header_sys_stat_h=yes
ac_cv_header_sys_types_h=yes
ac_cv_header_unistd_h=yes
ac_cv_objext=o
ac_cv_path_EGREP='/bin/grep -E'
ac_cv_path_GREP=/bin/grep
ac_cv_path_install='/usr/bin/install -c'
ac_cv_path_mkdir=/bin/mkdir
ac_cv_prog_AWK=gawk
ac_cv_prog_CPP='gcc -E'
ac_cv_prog_ac_ct_CC=gcc
ac_cv_prog_ac_ct_CXX=g++
ac_cv_prog_cc_c89=
ac_cv_prog_cc_g=yes
ac_cv_prog_cxx_g=yes
ac_cv_prog_make_make_set=yes
ac_cv_type__Bool=yes
ac_cv_type_size_t=yes
am_cv_CC_dependencies_compiler_type=gcc3
am_cv_CXX_dependencies_compiler_type=gcc3
am_cv_make_support_nested_variables=yes
am_cv_prog_cc_c_o=yes

## ----------------- ##
## Output variables. ##
## ----------------- ##

ACLOCAL='${SHELL} /home/tcc/netdebug/compilar/missing aclocal-1.15'
AMDEPBACKSLASH='\'
AMDEP_FALSE='#'
AMDEP_TRUE=''
AMTAR='$${TAR-tar}'
AM_BACKSLASH='\'
AM_DEFAULT_V='$(AM_DEFAULT_VERBOSITY)'
AM_DEFAULT_VERBOSITY='1'
AM_V='$(V)'
AUTOCONF='${SHELL} /home/tcc/netdebug/compilar/missing autoconf'
AUTOHEADER='${SHELL} /home/tcc/netdebug/compilar/missing autoheader'
AUTOMAKE='${SHELL} /home/tcc/netdebug/compilar/missing automake-1.15'
AWK='gawk'
CC='gcc'
CCDEPMODE='depmode=gcc3'
CFLAGS='-g -O2'
CPP='gcc -E'
CPPFLAGS=''
CXX='g++'
CXXDEPMODE='depmode=gcc3'
CXXFLAGS='-g -O2'
CYGPATH_W='echo'
DEFS='-DHAVE_CONFIG_H'
DEPDIR='.deps'
ECHO_C=''
ECHO_N='-n'
ECHO_T=''
EGREP='/bin/grep -E'
EXEEXT=''
GREP='/bin/grep'
INSTALL_DATA='${INSTALL} -m 644'
INSTALL_PROGRAM='${INSTALL}'
INSTALL_SCRIPT='${INSTALL}'
INSTALL_STRIP_PROGRAM='$(install_sh) -c -s'
LDFLAGS=''
LIBOBJS=''
LIBS=''
LTLIBOBJS=''
MAKEINFO='${SHELL} /home/tcc/netdebug/compilar/missing makeinfo'
MKDIR_P='/bin/mkdir -p'
OBJEXT='o'
PACKAGE='netdebug'
PACKAGE_BUGREPORT='BUG-REPORT-ADDRESS'
PACKAGE_NAME='netdebug'
PACKAGE_STRING='netdebug 1.0'
PACKAGE_TARNAME='netdebug'
PACKAGE_URL=''
PACKAGE_VERSION='1.0'
PATH_SEPARATOR=':'
SET_MAKE=''
SHELL='/bin/bash'
STRIP=''
VERSION='1.0'
ac_ct_CC='gcc'
ac_ct_CXX='g++'
am__EXEEXT_FALSE=''
am__EXEEXT_TRUE='#'
am__fastdepCC_FALSE='#'
am__fastdepCC_TRUE=''
am__fastdepCXX_FALSE='#'
am__fastdepCXX_TRUE=''
am__include='include'
am__isrc=''
am__leading_dot='.'
am__nodep='_no'
am__quote=''
am__tar='$${TAR-tar} chof - "$$tardir"'
am__untar='$${TAR-tar} xf -'
bindir='${exec_prefix}/bin'
build_alias=''
datadir='${datarootdir}'
datarootdir='${prefix}/share'
docdir='${datarootdir}/doc/${PACKAGE_TARNAME}'
dvidir='${docdir}'
exec_prefix='${prefix}'
host_alias=''
htmldir='${docdir}'
includedir='${prefix}/include'
infodir='${datarootdir}/info'
install_sh='${SHELL} /home/tcc/netdebug/compilar/install-sh'
libdir='${exec_prefix}/lib'
libexecdir='${exec_prefix}/libexec'
localedir='${datarootdir}/locale'
localstatedir='${prefix}/var'
mandir='${datarootdir}/man'
mkdir_p='$(MKDIR_P)'
oldincludedir='/usr/include'
pdfdir='${docdir}'
prefix='/usr/local'
program_transform_name='s,x,x,'
psdir='${docdir}'
runstatedir='${localstatedir}/run'
sbindir='${exec_prefix}/sbin'
sharedstatedir='${prefix}/com'
sysconfdir='${prefix}/etc'
target_alias=''

## ----------- ##
## confdefs.h. ##
## ----------- ##

/* confdefs.h */
#define PACKAGE_NAME "netdebug"
#define PACKAGE_TARNAME "netdebug"
#define PACKAGE_VERSION "1.0"
#define PACKAGE_STRING "netdebug 1.0"
#define PACKAGE_BUGREPORT "BUG-REPORT-ADDRESS"
#define PACKAGE_URL ""
#define PACKAGE "netdebug"
#define VERSION "1.0"
#define STDC_HEADERS 1
#define HAVE_SYS_TYPES_H 1
#define HAVE_SYS_STAT_H 1
#define HAVE_STDLIB_H 1
#define HAVE_STRING_H 1
#define HAVE_MEMORY_H 1
#define HAVE_STRINGS_H 1
#define HAVE_INTTYPES_H 1
#define HAVE_STDINT_H 1
#define HAVE_UNISTD_H 1
#define HAVE_ARPA_INET_H 1
#define HAVE_FCNTL_H 1
#define HAVE_LIMITS_H 1
#define HAVE_NETDB_H 1
#define HAVE_NETINET_IN_H 1
#define HAVE_STDLIB_H 1
#define HAVE_STRING_H 1
#define HAVE_SYS_SOCKET_H 1
#define HAVE_UNISTD_H 1
#define HAVE__BOOL 1
#define HAVE_GETCWD 1
#define HAVE_MEMSET 1
#define HAVE_SOCKET 1
#define HAVE_SYSINFO 1

configure: exit 0

## ---------------------- ##
## Running config.status. ##
## ---------------------- ##

This file was extended by netdebug config.status 1.0, which was
generated by GNU Autoconf 2.69.  Invocation command line was

  CONFIG_FILES    = 
  CONFIG_HEADERS  = 
  CONFIG_LINKS    = 
  CONFIG_COMMANDS = 
  $ ./config.status config.h

on volkweis

config.status:874: creating config.h
